<?xml version="1.0" encoding="UTF-8"?>
<!-- Generated by org.testng.reporters.JUnitReportReporter -->
<testsuite hostname="Suvidha-PC" failures="0" tests="2" name="com.policyBazar.qa.testcases.PhoneTest" time="55.160" errors="0" timestamp="2023-10-07T15:16:24 IST" skipped="0">
  <testcase classname="com.policyBazar.qa.testcases.PhoneTest" name="verifyThePhoneForValidEnquiry" time="28.386"/>
  <system-out/>
  <testcase classname="com.policyBazar.qa.testcases.PhoneTest" name="verifyThePhoneForBlankEnquiry" time="26.774"/>
  <system-out/>
</testsuite> <!-- com.policyBazar.qa.testcases.PhoneTest -->
