<?xml version="1.0" encoding="UTF-8"?>
<!-- Generated by org.testng.reporters.JUnitReportReporter -->
<testsuite hostname="Suvidha-PC" failures="0" tests="3" name="com.policyBazar.qa.testcases.Search" time="50.263" errors="0" timestamp="2023-10-07T15:16:24 IST" skipped="0">
  <testcase classname="com.policyBazar.qa.testcases.Search" name="verifySearchWithValidProducts" time="16.758"/>
  <system-out/>
  <testcase classname="com.policyBazar.qa.testcases.Search" name="verifySearchWithInValidProducts" time="16.820"/>
  <system-out/>
  <testcase classname="com.policyBazar.qa.testcases.Search" name="verifySearchWithBlankInputs" time="16.685"/>
  <system-out/>
</testsuite> <!-- com.policyBazar.qa.testcases.Search -->
